{"level":"info","message":"Server is running on port 3000"}
{"level":"error","message":"Invalid request. GET /"}
{"level":"info","message":"New health check request. GET /health"}
{"level":"info","message":"Server is running on port 3000"}
{"level":"info","message":"New health check request. GET /health"}
{"level":"info","message":"Server is running on port 3000"}
{"level":"info","message":"Server is running on port 3000"}
{"level":"info","message":"New health check request. GET /health"}
{"level":"info","message":"Server is running on port 3000"}
{"level":"info","message":"New health check request. GET /health"}
{"level":"info","message":"Server is running on port 3000"}
{"level":"error","message":"An error occurred. TypeError: Cannot destructure property 'firstName' of 'req.body' as it is undefined."}
{"level":"info","message":"Server is running on port 3000"}
{"level":"error","message":"An error occurred. Error: data and salt arguments required"}
{"level":"info","message":"Server is running on port 3000"}
{"level":"error","message":"An error occurred. Error: data and salt arguments required"}
{"level":"info","message":"Server is running on port 3000"}
{"level":"info","message":"New user registered. [object Object]"}
{"level":"error","message":"An error occurred. Error: data must be a string or Buffer and salt must either be a salt string or a number of rounds"}
{"level":"info","message":"New user registered. [object Object]"}
{"level":"info","message":"Server is running on port 3000"}
{"level":"error","message":"An error occurred. ReferenceError: __dirname is not defined"}
{"level":"error","message":"An error occurred. ReferenceError: __dirname is not defined"}
{"level":"info","message":"Server is running on port 3000"}
{"level":"info","message":"New user registered. [object Object]"}
{"level":"info","message":"Server is running on port 3000"}
{"level":"error","message":"An error occurred. Error: ENOENT: no such file or directory, open 'C:\\project\\webSites\\LeverX\\Homework_1\\node_modules\\.bin;C:\\project\\webSites\\LeverX\\node_modules\\.bin;C:\\project\\webSites\\node_modules\\.bin;C:\\project\\node_modules\\.bin;C:\\node_modules\\.bin;C:\\Users\\pakam\\AppData\\Roaming\\npm\\node_modules\\npm\\node_modules\\@npmcli\\run-script\\lib\\node-gyp-bin;C:\\Users\\pakam\\AppData\\Local\\Programs\\Python\\Python312\\Scripts\\;C:\\Users\\pakam\\AppData\\Local\\Programs\\Python\\Python312\\;C:\\WINDOWS.X64_213000_db_home\\bin;C:\\Users\\pakam\\Downloads\\WINDOWS.X64_193000_db_home\\bin;C:\\Program Files\\Common Files\\Oracle\\Java\\javapath;C:\\Program Files (x86)\\Common Files\\Oracle\\Java\\java8path;C:\\Program Files (x86)\\Common Files\\Oracle\\Java\\javapath;C:\\Program Files (x86)\\Common Files\\Intel\\Shared Libraries\\redist\\intel64\\compiler;C:\\Windows\\system32;C:\\Windows;C:\\Windows\\System32\\Wbem;C:\\Windows\\System32\\WindowsPowerShell\\v1.0\\;C:\\Windows\\System32\\OpenSSH\\;C:\\Program Files\\NVIDIA Corporation\\NVIDIA NvDLISR;C:\\Program Files (x86)\\NVIDIA Corporation\\PhysX\\Common;C:\\Program Files\\dotnet\\;C:\\Program Files\\Git\\cmd;C:\\Program Files\\WireGuard\\;C:\\Program Files\\CMake\\bin;C:\\Program Files (x86)\\Windows Kits\\10\\Windows Performance Toolkit\\;C:\\Program Files\\nodejs\\;C:\\ProgramData\\chocolatey\\bin;C:\\Program Files\\JetBrains\\CLion 2024.1.1\\bin\\mingw\\bin;C:\\Users\\pakam\\AppData\\Local\\Programs\\Microsoft VS Code\\bin;C:\\Users\\pakam\\.dotnet\\tools;C:\\Program Files\\Java\\jdk-21;C:\\Program Files\\JetBrains\\IntelliJ IDEA 2023.2.5\\bin;;C:\\Program Files (x86)\\Microsoft Visual Studio\\2022\\BuildTools\\MSBuild\\Current\\Bin\\x64;C:\\Program Files (x86)\\Windows Kits\\10\\bin\\10.0.14393.0\\x64;C:\\Program Files\\JetBrains\\PyCharm 2023.2.5\\bin;;C:\\Program Files\\JetBrains\\JetBrains Rider 2023.3.3\\bin;;C:\\project\\C++\\C++LIB\\vcpkg;C:\\Users\\pakam\\AppData\\Roaming\\JetBrains\\IntelliJIdea2023.3\\node\\node-v18.15.0-win-x64;C:\\Program Files\\JetBrains\\CLion 2024.1.1\\bin;C:\\Users\\pakam\\AppData\\Local\\Programs\\Python\\Python312;C:\\Program Files\\JetBrains\\CLion 2024.1.1\\bin\\cmake\\win\\x64\\bin;C:\\Program Files\\nodejs\\node_modules\\npm;C:\\Program Files\\nodejs;C:\\Users\\pakam\\AppData\\Roaming\\npm;C:\\Program Files\\JetBrains\\CLion 2024.1.1\\bin\\gdb\\win\\x64\\bin;'"}
{"level":"info","message":"Server is running on port 3000"}
{"level":"error","message":"An error occurred. TypeError: users.pust is not a function"}
{"level":"info","message":"Server is running on port 3000"}
{"level":"error","message":"An error occurred. TypeError: users.push is not a function"}
{"level":"info","message":"Server is running on port 3000"}
{"level":"info","message":"Server is running on port 3000"}
{"level":"info","message":"Server is running on port 3000"}
{"level":"error","message":"An error occurred. ReferenceError: jwt is not defined"}
{"level":"info","message":"Server is running on port 3000"}
{"level":"info","message":"Server is running on port 3000"}
{"level":"info","message":"Server is running on port 3000"}
{"level":"info","message":"Server is running on port 3000"}
{"level":"info","message":"Server is running on port 3000"}
{"level":"info","message":"Server is running on port 3000"}
{"level":"info","message":"Server is running on port 3000"}
{"level":"info","message":"Server is running on port 3000"}
{"level":"info","message":"Server is running on port 3000"}
{"level":"info","message":"Server is running on port 3000"}
{"level":"info","message":"Server is running on port 3000"}
{"level":"info","message":"Server is running on port 3000"}
{"level":"info","message":"Server is running on port 3000"}
{"level":"info","message":"Server is running on port 3000"}
{"level":"info","message":"Server is running on port 3000"}
{"level":"info","message":"Server is running on port 3000"}
{"level":"info","message":"Server is running on port 3000"}
{"level":"info","message":"Server is running on port 3000"}
{"level":"info","message":"Server is running on port 3000"}
{"level":"error","message":"An error occurred. SyntaxError: Expected double-quoted property name in JSON at position 32"}
{"level":"info","message":"Backup completed successfully."}
